<?xml version="1.0" encoding="UTF-8"?>
<!-- Generated by org.testng.reporters.JUnitReportReporter -->
<testsuite skipped="0" hostname="LAPTOP-GVN7F6DN" name="com.revature.testing.TestNGTests" tests="1" failures="0" timestamp="08 May 2018 15:24:49 GMT" time="6.394" errors="0">
  <testcase name="trainerLoginTest" time="6.394" classname="com.revature.testing.TestNGTests"/>
</testsuite> <!-- com.revature.testing.TestNGTests -->
