<?xml version="1.0" encoding="UTF-8"?>
<!-- Generated by org.testng.reporters.JUnitReportReporter -->
<testsuite skipped="0" hostname="Jackie" name="com.revature.testing.TestNGTests" tests="1" failures="0" timestamp="08 May 2018 19:18:51 GMT" time="4.966" errors="0">
  <testcase name="trainerLoginTest" time="4.966" classname="com.revature.testing.TestNGTests"/>
</testsuite> <!-- com.revature.testing.TestNGTests -->
